[debug] [2022-07-22T15:00:41.038Z] ----------------------------------------------------------------------
[debug] [2022-07-22T15:00:41.041Z] Command:       /home/simo/.nvm/versions/node/v12.22.11/bin/node /usr/local/bin/firebase deploy
[debug] [2022-07-22T15:00:41.041Z] CLI Version:   10.2.1
[debug] [2022-07-22T15:00:41.041Z] Platform:      linux
[debug] [2022-07-22T15:00:41.041Z] Node Version:  v12.22.11
[debug] [2022-07-22T15:00:41.042Z] Time:          Fri Jul 22 2022 16:00:41 GMT+0100 (GMT+01:00)
[debug] [2022-07-22T15:00:41.042Z] ----------------------------------------------------------------------
[debug] 
[debug] [2022-07-22T15:00:41.128Z] > command requires scopes: ["email","openid","https://www.googleapis.com/auth/cloudplatformprojects.readonly","https://www.googleapis.com/auth/firebase","https://www.googleapis.com/auth/cloud-platform"]
[debug] [2022-07-22T15:00:41.128Z] > authorizing via signed-in user (mohamed.hanini95@gmail.com)
[debug] [2022-07-22T15:00:41.128Z] [iam] checking project comhanini for permissions ["firebase.projects.get","firebasehosting.sites.update"]
[debug] [2022-07-22T15:00:41.131Z] >>> [apiv2][query] POST https://cloudresourcemanager.googleapis.com/v1/projects/comhanini:testIamPermissions [none]
[debug] [2022-07-22T15:00:41.131Z] >>> [apiv2][body] POST https://cloudresourcemanager.googleapis.com/v1/projects/comhanini:testIamPermissions {"permissions":["firebase.projects.get","firebasehosting.sites.update"]}
[debug] [2022-07-22T15:00:42.351Z] <<< [apiv2][status] POST https://cloudresourcemanager.googleapis.com/v1/projects/comhanini:testIamPermissions 200
[debug] [2022-07-22T15:00:42.352Z] <<< [apiv2][body] POST https://cloudresourcemanager.googleapis.com/v1/projects/comhanini:testIamPermissions {"permissions":["firebase.projects.get","firebasehosting.sites.update"]}
[debug] [2022-07-22T15:00:42.353Z] >>> [apiv2][query] GET https://firebase.googleapis.com/v1beta1/projects/comhanini [none]
[debug] [2022-07-22T15:00:42.955Z] <<< [apiv2][status] GET https://firebase.googleapis.com/v1beta1/projects/comhanini 200
[debug] [2022-07-22T15:00:42.955Z] <<< [apiv2][body] GET https://firebase.googleapis.com/v1beta1/projects/comhanini {"projectId":"comhanini","projectNumber":"687678345786","displayName":"comhanini","name":"projects/comhanini","resources":{"hostingSite":"comhanini","realtimeDatabaseInstance":"comhanini","storageBucket":"comhanini.appspot.com","locationId":"us-central"},"state":"ACTIVE"}
[info] 
[info] === Deploying to 'comhanini'...
[info] 
[info] i  deploying hosting 
[debug] [2022-07-22T15:00:42.959Z] >>> [apiv2][query] GET https://firebase.googleapis.com/v1beta1/projects/comhanini [none]
[debug] [2022-07-22T15:00:43.466Z] <<< [apiv2][status] GET https://firebase.googleapis.com/v1beta1/projects/comhanini 200
[debug] [2022-07-22T15:00:43.467Z] <<< [apiv2][body] GET https://firebase.googleapis.com/v1beta1/projects/comhanini {"projectId":"comhanini","projectNumber":"687678345786","displayName":"comhanini","name":"projects/comhanini","resources":{"hostingSite":"comhanini","realtimeDatabaseInstance":"comhanini","storageBucket":"comhanini.appspot.com","locationId":"us-central"},"state":"ACTIVE"}
[debug] [2022-07-22T15:00:43.471Z] >>> [apiv2][query] POST https://firebasehosting.googleapis.com/v1beta1/projects/687678345786/sites/medhanini-test-vuejs/versions [none]
[debug] [2022-07-22T15:00:43.472Z] >>> [apiv2][body] POST https://firebasehosting.googleapis.com/v1beta1/projects/687678345786/sites/medhanini-test-vuejs/versions {"config":{},"labels":{"deployment-tool":"cli-firebase"}}
[debug] [2022-07-22T15:00:45.002Z] <<< [apiv2][status] POST https://firebasehosting.googleapis.com/v1beta1/projects/687678345786/sites/medhanini-test-vuejs/versions 200
[debug] [2022-07-22T15:00:45.003Z] <<< [apiv2][body] POST https://firebasehosting.googleapis.com/v1beta1/projects/687678345786/sites/medhanini-test-vuejs/versions {"name":"projects/687678345786/sites/medhanini-test-vuejs/versions/fd65aba88b457ad4","status":"CREATED","config":{},"labels":{"deployment-tool":"cli-firebase"}}
[info] i  hosting[medhanini-test-vuejs]: beginning deploy... 
[info] i  hosting[medhanini-test-vuejs]: found 46 files in dist 
[debug] [2022-07-22T15:00:45.546Z] [hosting] hash cache [ZGlzdA] stored for 46 files
[debug] [2022-07-22T15:00:45.546Z] [hosting][hash queue][FINAL] {"max":509,"min":34,"avg":61.47826086956522,"active":0,"complete":46,"success":46,"errored":0,"retried":0,"total":46,"elapsed":521}
[debug] [2022-07-22T15:00:45.547Z] >>> [apiv2][query] POST https://firebasehosting.googleapis.com/v1beta1/projects/687678345786/sites/medhanini-test-vuejs/versions/fd65aba88b457ad4:populateFiles [none]
[debug] [2022-07-22T15:00:45.547Z] >>> [apiv2][body] POST https://firebasehosting.googleapis.com/v1beta1/projects/687678345786/sites/medhanini-test-vuejs/versions/fd65aba88b457ad4:populateFiles {"files":{"/index.html":"6498cb1e5c66e0fc038805b97bebe8445836a03c13f4bc2b9acbfa01141e3e48","/manifest.json":"0ae1d3701902db3eaecf4194349ef44433437275b1ae85b3035fb23203a6741f","/robots.txt":"f30c4a1c220bd92c487bf016c9b4f4e6959c4c54f82c64c54ee375b1f0189156","/favicon.ico":"e0535b2041a7a1721cdec785c903980d41fdf0d810a4ea9726b6ffd1371bbc28","/service-worker.js":"37318d06bdc23754aae6c6c28cd2d3e9a8921c1f0c04f29442bf95108959e388","/service-worker.js.map":"7bab2e42ec1e2a4be2cc6c677fbb16f006445dc709514f7dc7e4f1a80ba32040","/workbox-2d118ab0.js":"c68c96ed50e8ca912a59563067c91482bd508a548e9d3a0acb77f0caa5324d80","/img/icons/android-chrome-192x192.png":"7bf5d00aade14cdbd9266476979eb376b1a221fac21bbcd540a9947384851978","/img/icons/android-chrome-maskable-192x192.png":"bed0dbdcbdb194d10b8638ab481334420e2b360dc5115f7420fd2536ab26a235","/img/icons/apple-touch-icon-120x120.png":"d31f44d26594559cdf6c57f7f651d8e2ab1ac312e9b8b033b3339f60717dc351","/img/icons/apple-touch-icon-152x152.png":"56ee37cd4e4baa3ede37e90b9005e50747fb711603bad18cc642d1f983c06763","/img/icons/apple-touch-icon-76x76.png":"081d64e417bfa5a36b47ae153551dff60f3806c1446a094e5d9ead01aa275f96","/img/icons/apple-touch-icon-180x180.png":"ccee97a725d3530f4a8111d58e0f61f94fadf4f6fb6468c4aef748c6bd649670","/img/icons/favicon-16x16.png":"61c3d70ea4950e5c5cde41ef352a8d38a309083b3a1bb0739d5a76fe4908963a","/img/icons/apple-touch-icon.png":"999885b8893de7fb4b1dccd21b07f0d9c6aa337b85ea501f6ec87b54cfe323d0","/img/icons/favicon-32x32.png":"0b88c724af5f8c9ac5edfcef209e8f8cab39a9e0048f6a6902f2aba55f45fda0","/img/icons/msapplication-icon-144x144.png":"97a4df445a8b6f4266282a93342cd85326166571466ef0203171cd32b44a2022","/img/icons/safari-pinned-tab.svg":"307aa10d7325ef7adc16b69f2d959ceb700b25488dd9b8c8d7740cea5a88c689","/img/icons/mstile-150x150.png":"4b854eb04911280c094681a76878dba4e8038aeaa70c8e2bb89267cb754109d8","/js/144.da2c9e01.js":"f775d31ad3ab73d0c9bc31beb2ec889d6a067045779d16a4879f2b42e3060b17","/js/381.a49dffdb.js":"05131a7e19e86c8c7b86469663ae4e8cd2f1d3516f827228f3f05633d7eccdeb","/js/381.a49dffdb.js.map":"a6f3351bfb0731d7dec699151746655a238fff633ea8ad1a470ba0fb8957e0ab","/js/144.da2c9e01.js.map":"231a657286a2e24a49f43e27aea02f3bbef1d6d018fa0ef3173a1ba4158a1d80","/js/422.dbfbedf7.js":"792f03d4301c318bcf0530fc996a1a35515e9ae2b81ff9590b8bf42d31ce8edd","/js/464.169ebc4b.js":"d58cf71e24abca000531b8e094bcba3bc4e7965fff67a8550dde5815df7d9878","/js/464.169ebc4b.js.map":"8d6238b3bb5bd977893ddeeb0fceabe4c2b70d28cd739c914959b3df6f32a1bf","/js/422.dbfbedf7.js.map":"c1a5c410ef10abeb2278535e7d5b09bd57c9286e31da7e4e4b1ae63f83294cd1","/img/icons/apple-touch-icon-60x60.png":"f47f70c16bc06df8c393c0e213a316dcfb9720677a8ee09b4b690b3d8170b0b1","/js/741.fe0801fa.js":"3f35826a9a5971648195b1f949953d6fcd2d21b18315bca005f32d2caa80e3e3","/js/741.fe0801fa.js.map":"f64048e463473f95a8c792a2e559baf035d20a6f01c03f3add5c7a6ff056f4cd","/js/845.bc591929.js":"2461e09dbffe4e906afcca5a0b7db3af9838e02777895a8458a8c350c81a7696","/js/864.e57306bd.js":"88907bffc140deefa47d1b1a81b8398c83de13975edc895dfedc44bb7bbeb1a3","/js/864.e57306bd.js.map":"e062c6f730dbb650e684816bc5d7681264d673719a5c52d7aa59f14508f6aa25","/js/995.d3363b05.js":"208f189c9a17e93ab9b3c048f4cb3d17f8829085973adb73d0995d7d6ebef2ea","/js/995.d3363b05.js.map":"8fec0c1b5ba7aea29a8d55a5494a7c8af079e1efd45c8235c9e766f3483074b9","/js/app.854dccc7.js":"ac926c829cfbd11e8daccbfc6650c3abde42a7fbd1f1826bd65039f698e44b54","/js/app.854dccc7.js.map":"e713ace1d6e22aac236de3abb9fe429d2b6f82b280abd4ef97f8ea5cdae85ac5","/js/845.bc591929.js.map":"a0040b2c0484a985613941e7ce67048ca351bf31922f22f31349a19674371c1f","/img/icons/android-chrome-512x512.png":"b306de640c0dbb4ad7a7a6467455bbda02efdea7eae33a8e861876dc13c888e5","/img/icons/android-chrome-maskable-512x512.png":"f09cf16d455f734bbcb348f33a2ddc8ecbce84dc5856f3abbbb490ce8719794a","/workbox-2d118ab0.js.map":"3d5e9d2a16d7c1d520d2f1b1a556b226fdfd569129c31275c40b2783e7219fb5","/css/app.fc502657.css":"07d8057b8ee6abf2d6a4fc0ee5f36eeb1c06f28ac0946cc5a651c8f31a36790b","/js/483.8c0ee9cc.js":"e9457e9dce3b1b01066aaa016be1b505a13edd91fe529e7f1e7d49bbd1faca0d","/js/chunk-vendors.c8c3375e.js":"2bb2058c8f3f02f030d32abfd93ba1f1b4cbdbc44ece6429d11e678bf3d4ea4c","/js/483.8c0ee9cc.js.map":"7dac2c96d7fe035dd476b1f58d71b608c70d1f79c0b79aa03dc2833937a10aaf","/js/chunk-vendors.c8c3375e.js.map":"5d4436f592ef02283c0e938442a9fd2b8ac9032c2f9ea549b3812f585c06a1c4"}}
[debug] [2022-07-22T15:00:46.866Z] <<< [apiv2][status] POST https://firebasehosting.googleapis.com/v1beta1/projects/687678345786/sites/medhanini-test-vuejs/versions/fd65aba88b457ad4:populateFiles 200
[debug] [2022-07-22T15:00:46.866Z] <<< [apiv2][body] POST https://firebasehosting.googleapis.com/v1beta1/projects/687678345786/sites/medhanini-test-vuejs/versions/fd65aba88b457ad4:populateFiles {"uploadRequiredHashes":["7bab2e42ec1e2a4be2cc6c677fbb16f006445dc709514f7dc7e4f1a80ba32040","231a657286a2e24a49f43e27aea02f3bbef1d6d018fa0ef3173a1ba4158a1d80","ac926c829cfbd11e8daccbfc6650c3abde42a7fbd1f1826bd65039f698e44b54","37318d06bdc23754aae6c6c28cd2d3e9a8921c1f0c04f29442bf95108959e388","f775d31ad3ab73d0c9bc31beb2ec889d6a067045779d16a4879f2b42e3060b17","6498cb1e5c66e0fc038805b97bebe8445836a03c13f4bc2b9acbfa01141e3e48","e713ace1d6e22aac236de3abb9fe429d2b6f82b280abd4ef97f8ea5cdae85ac5"],"uploadUrl":"https://upload-firebasehosting.googleapis.com/upload/sites/medhanini-test-vuejs/versions/fd65aba88b457ad4/files"}
[debug] [2022-07-22T15:00:46.870Z] >>> [apiv2][query] POST https://upload-firebasehosting.googleapis.com/upload/sites/medhanini-test-vuejs/versions/fd65aba88b457ad4/files/7bab2e42ec1e2a4be2cc6c677fbb16f006445dc709514f7dc7e4f1a80ba32040 [none]
[debug] [2022-07-22T15:00:46.870Z] >>> [apiv2][body] POST https://upload-firebasehosting.googleapis.com/upload/sites/medhanini-test-vuejs/versions/fd65aba88b457ad4/files/7bab2e42ec1e2a4be2cc6c677fbb16f006445dc709514f7dc7e4f1a80ba32040 [stream]
[debug] [2022-07-22T15:00:46.871Z] >>> [apiv2][query] POST https://upload-firebasehosting.googleapis.com/upload/sites/medhanini-test-vuejs/versions/fd65aba88b457ad4/files/231a657286a2e24a49f43e27aea02f3bbef1d6d018fa0ef3173a1ba4158a1d80 [none]
[debug] [2022-07-22T15:00:46.871Z] >>> [apiv2][body] POST https://upload-firebasehosting.googleapis.com/upload/sites/medhanini-test-vuejs/versions/fd65aba88b457ad4/files/231a657286a2e24a49f43e27aea02f3bbef1d6d018fa0ef3173a1ba4158a1d80 [stream]
[debug] [2022-07-22T15:00:46.873Z] >>> [apiv2][query] POST https://upload-firebasehosting.googleapis.com/upload/sites/medhanini-test-vuejs/versions/fd65aba88b457ad4/files/ac926c829cfbd11e8daccbfc6650c3abde42a7fbd1f1826bd65039f698e44b54 [none]
[debug] [2022-07-22T15:00:46.873Z] >>> [apiv2][body] POST https://upload-firebasehosting.googleapis.com/upload/sites/medhanini-test-vuejs/versions/fd65aba88b457ad4/files/ac926c829cfbd11e8daccbfc6650c3abde42a7fbd1f1826bd65039f698e44b54 [stream]
[debug] [2022-07-22T15:00:46.874Z] >>> [apiv2][query] POST https://upload-firebasehosting.googleapis.com/upload/sites/medhanini-test-vuejs/versions/fd65aba88b457ad4/files/37318d06bdc23754aae6c6c28cd2d3e9a8921c1f0c04f29442bf95108959e388 [none]
[debug] [2022-07-22T15:00:46.874Z] >>> [apiv2][body] POST https://upload-firebasehosting.googleapis.com/upload/sites/medhanini-test-vuejs/versions/fd65aba88b457ad4/files/37318d06bdc23754aae6c6c28cd2d3e9a8921c1f0c04f29442bf95108959e388 [stream]
[debug] [2022-07-22T15:00:46.876Z] >>> [apiv2][query] POST https://upload-firebasehosting.googleapis.com/upload/sites/medhanini-test-vuejs/versions/fd65aba88b457ad4/files/f775d31ad3ab73d0c9bc31beb2ec889d6a067045779d16a4879f2b42e3060b17 [none]
[debug] [2022-07-22T15:00:46.876Z] >>> [apiv2][body] POST https://upload-firebasehosting.googleapis.com/upload/sites/medhanini-test-vuejs/versions/fd65aba88b457ad4/files/f775d31ad3ab73d0c9bc31beb2ec889d6a067045779d16a4879f2b42e3060b17 [stream]
[debug] [2022-07-22T15:00:46.877Z] >>> [apiv2][query] POST https://upload-firebasehosting.googleapis.com/upload/sites/medhanini-test-vuejs/versions/fd65aba88b457ad4/files/6498cb1e5c66e0fc038805b97bebe8445836a03c13f4bc2b9acbfa01141e3e48 [none]
[debug] [2022-07-22T15:00:46.877Z] >>> [apiv2][body] POST https://upload-firebasehosting.googleapis.com/upload/sites/medhanini-test-vuejs/versions/fd65aba88b457ad4/files/6498cb1e5c66e0fc038805b97bebe8445836a03c13f4bc2b9acbfa01141e3e48 [stream]
[debug] [2022-07-22T15:00:46.878Z] >>> [apiv2][query] POST https://upload-firebasehosting.googleapis.com/upload/sites/medhanini-test-vuejs/versions/fd65aba88b457ad4/files/e713ace1d6e22aac236de3abb9fe429d2b6f82b280abd4ef97f8ea5cdae85ac5 [none]
[debug] [2022-07-22T15:00:46.879Z] >>> [apiv2][body] POST https://upload-firebasehosting.googleapis.com/upload/sites/medhanini-test-vuejs/versions/fd65aba88b457ad4/files/e713ace1d6e22aac236de3abb9fe429d2b6f82b280abd4ef97f8ea5cdae85ac5 [stream]
[debug] [2022-07-22T15:00:46.880Z] [hosting][populate queue][FINAL] {"max":1324,"min":1324,"avg":1324,"active":0,"complete":1,"success":1,"errored":0,"retried":0,"total":1,"elapsed":1335}
[debug] [2022-07-22T15:00:46.880Z] [hosting] uploads queued: 7
